<?xml version="1.0" encoding="UTF-8"?>
<testng-results ignored="0" total="2" passed="2" failed="0" skipped="0">
  <reporter-output>
  </reporter-output>
  <suite started-at="2022-05-13T13:07:07 IST" name="testClasses.LambdaTest" finished-at="2022-05-13T13:07:20 IST" duration-ms="12809">
    <groups>
    </groups>
    <test started-at="2022-05-13T13:07:07 IST" name="Command line test" finished-at="2022-05-13T13:07:20 IST" duration-ms="12809">
      <class name="testClasses.LambdaTest">
        <test-method is-config="true" signature="startTest()[pri:0, instance:testClasses.LambdaTest@51b279c9]" started-at="2022-05-13T13:07:07 IST" name="startTest" finished-at="2022-05-13T13:07:07 IST" duration-ms="210" status="PASS">
          <reporter-output>
          </reporter-output>
        </test-method> <!-- startTest -->
        <test-method is-config="true" signature="openApplication()[pri:0, instance:testClasses.LambdaTest@51b279c9]" started-at="2022-05-13T13:07:07 IST" name="openApplication" finished-at="2022-05-13T13:07:13 IST" duration-ms="5699" status="PASS">
          <reporter-output>
          </reporter-output>
        </test-method> <!-- openApplication -->
        <test-method signature="verifyTittleTest()[pri:0, instance:testClasses.LambdaTest@51b279c9]" started-at="2022-05-13T13:07:13 IST" name="verifyTittleTest" finished-at="2022-05-13T13:07:13 IST" duration-ms="26" status="PASS">
          <reporter-output>
          </reporter-output>
        </test-method> <!-- verifyTittleTest -->
        <test-method is-config="true" signature="setTestResult(org.testng.ITestResult)[pri:0, instance:testClasses.LambdaTest@51b279c9]" started-at="2022-05-13T13:07:13 IST" name="setTestResult" finished-at="2022-05-13T13:07:14 IST" duration-ms="877" status="PASS">
          <params>
            <param index="0">
              <value>
                <![CDATA[[TestResult name=verifyTittleTest status=SUCCESS method=LambdaTest.verifyTittleTest()[pri:0, instance:testClasses.LambdaTest@51b279c9] output={null}]]]>
              </value>
            </param>
          </params>
          <reporter-output>
          </reporter-output>
        </test-method> <!-- setTestResult -->
        <test-method is-config="true" signature="openApplication()[pri:0, instance:testClasses.LambdaTest@51b279c9]" started-at="2022-05-13T13:07:14 IST" name="openApplication" finished-at="2022-05-13T13:07:19 IST" duration-ms="4985" status="PASS">
          <reporter-output>
          </reporter-output>
        </test-method> <!-- openApplication -->
        <test-method signature="loginLambdaTest()[pri:1, instance:testClasses.LambdaTest@51b279c9]" started-at="2022-05-13T13:07:19 IST" name="loginLambdaTest" finished-at="2022-05-13T13:07:19 IST" duration-ms="419" status="PASS">
          <reporter-output>
          </reporter-output>
        </test-method> <!-- loginLambdaTest -->
        <test-method is-config="true" signature="setTestResult(org.testng.ITestResult)[pri:0, instance:testClasses.LambdaTest@51b279c9]" started-at="2022-05-13T13:07:19 IST" name="setTestResult" finished-at="2022-05-13T13:07:20 IST" duration-ms="471" status="PASS">
          <params>
            <param index="0">
              <value>
                <![CDATA[[TestResult name=loginLambdaTest status=SUCCESS method=LambdaTest.loginLambdaTest()[pri:1, instance:testClasses.LambdaTest@51b279c9] output={null}]]]>
              </value>
            </param>
          </params>
          <reporter-output>
          </reporter-output>
        </test-method> <!-- setTestResult -->
        <test-method is-config="true" signature="endTest()[pri:0, instance:testClasses.LambdaTest@51b279c9]" started-at="2022-05-13T13:07:20 IST" name="endTest" finished-at="2022-05-13T13:07:20 IST" duration-ms="87" status="PASS">
          <reporter-output>
          </reporter-output>
        </test-method> <!-- endTest -->
      </class> <!-- testClasses.LambdaTest -->
    </test> <!-- Command line test -->
  </suite> <!-- testClasses.LambdaTest -->
</testng-results>
