<?xml version="1.0" encoding="UTF-8"?>
<testng-results ignored="0" total="2" passed="2" failed="0" skipped="0">
  <reporter-output>
  </reporter-output>
  <suite started-at="2022-05-13T10:02:28 IST" name="Default suite" finished-at="2022-05-13T10:02:55 IST" duration-ms="27322">
    <groups>
    </groups>
    <test started-at="2022-05-13T10:02:28 IST" name="Default test" finished-at="2022-05-13T10:02:55 IST" duration-ms="27322">
      <class name="testClasses.LambdaTest">
        <test-method is-config="true" signature="startTest()[pri:0, instance:testClasses.LambdaTest@48aaecc3]" started-at="2022-05-13T10:02:28 IST" name="startTest" finished-at="2022-05-13T10:02:28 IST" duration-ms="240" status="PASS">
          <reporter-output>
          </reporter-output>
        </test-method> <!-- startTest -->
        <test-method is-config="true" signature="openApplication()[pri:0, instance:testClasses.LambdaTest@48aaecc3]" started-at="2022-05-13T10:02:28 IST" name="openApplication" finished-at="2022-05-13T10:02:41 IST" duration-ms="12756" status="PASS">
          <reporter-output>
          </reporter-output>
        </test-method> <!-- openApplication -->
        <test-method signature="verifyTittleTest()[pri:0, instance:testClasses.LambdaTest@48aaecc3]" started-at="2022-05-13T10:02:41 IST" name="verifyTittleTest" finished-at="2022-05-13T10:02:41 IST" duration-ms="41" status="PASS">
          <reporter-output>
          </reporter-output>
        </test-method> <!-- verifyTittleTest -->
        <test-method is-config="true" signature="setTestResult(org.testng.ITestResult)[pri:0, instance:testClasses.LambdaTest@48aaecc3]" started-at="2022-05-13T10:02:41 IST" name="setTestResult" finished-at="2022-05-13T10:02:46 IST" duration-ms="4852" status="PASS">
          <params>
            <param index="0">
              <value>
                <![CDATA[[TestResult name=verifyTittleTest status=SUCCESS method=LambdaTest.verifyTittleTest()[pri:0, instance:testClasses.LambdaTest@48aaecc3] output={null}]]]>
              </value>
            </param>
          </params>
          <reporter-output>
          </reporter-output>
        </test-method> <!-- setTestResult -->
        <test-method is-config="true" signature="openApplication()[pri:0, instance:testClasses.LambdaTest@48aaecc3]" started-at="2022-05-13T10:02:46 IST" name="openApplication" finished-at="2022-05-13T10:02:54 IST" duration-ms="8369" status="PASS">
          <reporter-output>
          </reporter-output>
        </test-method> <!-- openApplication -->
        <test-method signature="loginLambdaTest()[pri:1, instance:testClasses.LambdaTest@48aaecc3]" started-at="2022-05-13T10:02:54 IST" name="loginLambdaTest" finished-at="2022-05-13T10:02:55 IST" duration-ms="426" status="PASS">
          <reporter-output>
          </reporter-output>
        </test-method> <!-- loginLambdaTest -->
        <test-method is-config="true" signature="setTestResult(org.testng.ITestResult)[pri:0, instance:testClasses.LambdaTest@48aaecc3]" started-at="2022-05-13T10:02:55 IST" name="setTestResult" finished-at="2022-05-13T10:02:55 IST" duration-ms="475" status="PASS">
          <params>
            <param index="0">
              <value>
                <![CDATA[[TestResult name=loginLambdaTest status=SUCCESS method=LambdaTest.loginLambdaTest()[pri:1, instance:testClasses.LambdaTest@48aaecc3] output={null}]]]>
              </value>
            </param>
          </params>
          <reporter-output>
          </reporter-output>
        </test-method> <!-- setTestResult -->
        <test-method is-config="true" signature="endTest()[pri:0, instance:testClasses.LambdaTest@48aaecc3]" started-at="2022-05-13T10:02:55 IST" name="endTest" finished-at="2022-05-13T10:02:55 IST" duration-ms="110" status="PASS">
          <reporter-output>
          </reporter-output>
        </test-method> <!-- endTest -->
      </class> <!-- testClasses.LambdaTest -->
    </test> <!-- Default test -->
  </suite> <!-- Default suite -->
</testng-results>
